0 info it worked if it ends with ok
1 verbose cli [ 'C:\\develop\\node\\nodejs\\node.exe',
1 verbose cli   'C:\\develop\\node\\nodejs\\node_modules\\npm\\bin\\npm-cli.js',
1 verbose cli   'start' ]
2 info using npm@3.10.10
3 info using node@v6.9.4
4 verbose run-script [ 'prestart', 'start', 'poststart' ]
5 info lifecycle my_bears@1.0.0~prestart: my_bears@1.0.0
6 silly lifecycle my_bears@1.0.0~prestart: no script for prestart, continuing
7 info lifecycle my_bears@1.0.0~start: my_bears@1.0.0
8 verbose lifecycle my_bears@1.0.0~start: unsafe-perm in lifecycle true
9 verbose lifecycle my_bears@1.0.0~start: PATH: C:\develop\node\nodejs\node_modules\npm\bin\node-gyp-bin;C:\Users\SBT-Krivoy-I\node-js-getting-started\sbertech\node_modules\.bin;C:\WINDOWS\system32\WindowsPowerShell\v1.0\;C:\ProgramData\Oracle\Java\javapath;C:\WINDOWS\system32;C:\WINDOWS;C:\WINDOWS\System32\Wbem;C:\WINDOWS\System32\WindowsPowerShell\v1.0\;C:\WINDOWS\CCM;C:\WINDOWS\CCM;C:\WINDOWS\CCM;C:\WINDOWS\CCM;C:\WINDOWS\CCM;C:\develop\node\nodejs\;C:\Program Files\Java\jdk1.8.0_91\bin;C:\Program Files\apache-maven-3.3.9/bin;C:\Users\SBT-Krivoy-I\AppData\Local\Programs\Git\cmd;C:\Program Files (x86)\PuTTY\;C:\Program Files\Microsoft SQL Server\110\Tools\Binn\;C:\Users\SBT-Krivoy-I\AppData\Local\Programs\Python\Python36-32\Scripts\;C:\Users\SBT-Krivoy-I\AppData\Local\Programs\Python\Python36-32\;C:\Users\SBT-Krivoy-I\AppData\Roaming\npm;C:\Program Files\apache-maven-3.3.9/bin;C:\Program Files\Heroku\bin;C:\Program Files (x86)\GnuWin32\bin;C:\Program Files\MongoDB\Server\3.4\bin;C:\Users\SBT-Krivoy-I\AppData\Local\atom\bin
10 verbose lifecycle my_bears@1.0.0~start: CWD: C:\Users\SBT-Krivoy-I\node-js-getting-started\sbertech
11 silly lifecycle my_bears@1.0.0~start: Args: [ '/d /s /c', 'node server.js' ]
12 silly lifecycle my_bears@1.0.0~start: Returned: code: 1  signal: null
13 info lifecycle my_bears@1.0.0~start: Failed to exec start script
14 verbose stack Error: my_bears@1.0.0 start: `node server.js`
14 verbose stack Exit status 1
14 verbose stack     at EventEmitter.<anonymous> (C:\develop\node\nodejs\node_modules\npm\lib\utils\lifecycle.js:255:16)
14 verbose stack     at emitTwo (events.js:106:13)
14 verbose stack     at EventEmitter.emit (events.js:191:7)
14 verbose stack     at ChildProcess.<anonymous> (C:\develop\node\nodejs\node_modules\npm\lib\utils\spawn.js:40:14)
14 verbose stack     at emitTwo (events.js:106:13)
14 verbose stack     at ChildProcess.emit (events.js:191:7)
14 verbose stack     at maybeClose (internal/child_process.js:877:16)
14 verbose stack     at Process.ChildProcess._handle.onexit (internal/child_process.js:226:5)
15 verbose pkgid my_bears@1.0.0
16 verbose cwd C:\Users\SBT-Krivoy-I\node-js-getting-started\sbertech
17 error Windows_NT 6.1.7601
18 error argv "C:\\develop\\node\\nodejs\\node.exe" "C:\\develop\\node\\nodejs\\node_modules\\npm\\bin\\npm-cli.js" "start"
19 error node v6.9.4
20 error npm  v3.10.10
21 error code ELIFECYCLE
22 error my_bears@1.0.0 start: `node server.js`
22 error Exit status 1
23 error Failed at the my_bears@1.0.0 start script 'node server.js'.
23 error Make sure you have the latest version of node.js and npm installed.
23 error If you do, this is most likely a problem with the my_bears package,
23 error not with npm itself.
23 error Tell the author that this fails on your system:
23 error     node server.js
23 error You can get information on how to open an issue for this project with:
23 error     npm bugs my_bears
23 error Or if that isn't available, you can get their info via:
23 error     npm owner ls my_bears
23 error There is likely additional logging output above.
24 verbose exit [ 1, true ]
